[INFO  - 2018-04-27T14:07:49.240Z] GhostDriver - Main - running on port 54907
[INFO  - 2018-04-27T14:07:52.487Z] Session [6001d110-4a24-11e8-914e-9b92def08e8a] - page.settings - {"XSSAuditingEnabled":false,"javascriptCanCloseWindows":true,"javascriptCanOpenWindows":true,"javascriptEnabled":true,"loadImages":true,"localToRemoteUrlAccessEnabled":false,"userAgent":"Mozilla/5.0 (Windows NT 6.2; WOW64) AppleWebKit/538.1 (KHTML, like Gecko) PhantomJS/2.1.1 Safari/538.1","webSecurityEnabled":true}
[INFO  - 2018-04-27T14:07:52.487Z] Session [6001d110-4a24-11e8-914e-9b92def08e8a] - page.customHeaders:  - {}
[INFO  - 2018-04-27T14:07:52.487Z] Session [6001d110-4a24-11e8-914e-9b92def08e8a] - Session.negotiatedCapabilities - {"browserName":"phantomjs","version":"2.1.1","driverName":"ghostdriver","driverVersion":"1.2.0","platform":"windows-10-32bit","javascriptEnabled":true,"takesScreenshot":true,"handlesAlerts":false,"databaseEnabled":false,"locationContextEnabled":false,"applicationCacheEnabled":false,"browserConnectionEnabled":false,"cssSelectorsEnabled":true,"webStorageEnabled":false,"rotatable":false,"acceptSslCerts":false,"nativeEvents":true,"proxy":{"proxyType":"direct"}}
[INFO  - 2018-04-27T14:07:52.487Z] SessionManagerReqHand - _postNewSessionCommand - New Session Created: 6001d110-4a24-11e8-914e-9b92def08e8a
[ERROR - 2018-04-27T14:08:00.763Z] Session [6001d110-4a24-11e8-914e-9b92def08e8a] - page.onError - msg: [Error]: Error while trying to access the //erebor.douban.com/?unit=dale_movie_home_bottom_right_down&bid=8ik_Hs3OJJ4&crtr=3%3A%2F&ts=1524838080245&callback=erebor_46F911C4A46B4FD09532B51E76510835&failback_count=2

  phantomjs://platform/console++.js:263 in error
[ERROR - 2018-04-27T14:08:00.764Z] Session [6001d110-4a24-11e8-914e-9b92def08e8a] - page.onError - stack:
  (anonymous function) (https://img3.doubanio.com/f/adjs/f886512b31842ce18a9450be3e80f90c23f25260/ad.release.js:1)

  phantomjs://platform/console++.js:263 in error
[ERROR - 2018-04-27T14:08:00.764Z] Session [6001d110-4a24-11e8-914e-9b92def08e8a] - page.onError - msg: [Error]: Error while trying to access the //erebor.douban.com/?unit=dale_movie_home_download_bottom&bid=8ik_Hs3OJJ4&crtr=3%3A%2F&ts=1524838080248&callback=erebor_BEEDA2D937D34778A981C701F3C86900&failback_count=2

  phantomjs://platform/console++.js:263 in error
[ERROR - 2018-04-27T14:08:00.764Z] Session [6001d110-4a24-11e8-914e-9b92def08e8a] - page.onError - stack:
  (anonymous function) (https://img3.doubanio.com/f/adjs/f886512b31842ce18a9450be3e80f90c23f25260/ad.release.js:1)

  phantomjs://platform/console++.js:263 in error
[ERROR - 2018-04-27T14:08:00.765Z] Session [6001d110-4a24-11e8-914e-9b92def08e8a] - page.onError - msg: [Error]: Error while trying to access the //erebor.douban.com/?unit=dale_movie_home_side_top&bid=8ik_Hs3OJJ4&crtr=3%3A%2F&ts=1524838080238&callback=erebor_1C3FB4516FB248078021DA0B341EE0AB&failback_count=2

  phantomjs://platform/console++.js:263 in error
[ERROR - 2018-04-27T14:08:00.765Z] Session [6001d110-4a24-11e8-914e-9b92def08e8a] - page.onError - stack:
  (anonymous function) (https://img3.doubanio.com/f/adjs/f886512b31842ce18a9450be3e80f90c23f25260/ad.release.js:1)

  phantomjs://platform/console++.js:263 in error
[ERROR - 2018-04-27T14:08:00.765Z] Session [6001d110-4a24-11e8-914e-9b92def08e8a] - page.onError - msg: [Error]: Error while trying to access the //erebor.douban.com/?unit=dale_movie_home_top_right_ford&bid=8ik_Hs3OJJ4&crtr=3%3A%2F&ts=1524838080234&callback=erebor_539BCFD991304454A5BAFDF07B67CAAA&failback_count=2

  phantomjs://platform/console++.js:263 in error
[ERROR - 2018-04-27T14:08:00.765Z] Session [6001d110-4a24-11e8-914e-9b92def08e8a] - page.onError - stack:
  (anonymous function) (https://img3.doubanio.com/f/adjs/f886512b31842ce18a9450be3e80f90c23f25260/ad.release.js:1)

  phantomjs://platform/console++.js:263 in error
[ERROR - 2018-04-27T14:08:00.766Z] Session [6001d110-4a24-11e8-914e-9b92def08e8a] - page.onError - msg: [Error]: Error while trying to access the //erebor.douban.com/?unit=dale_movie_homepage_bottom&bid=8ik_Hs3OJJ4&crtr=3%3A%2F&ts=1524838080242&callback=erebor_A462694C761E4BE5944E7D9C0A9EA538&failback_count=2

  phantomjs://platform/console++.js:263 in error
[ERROR - 2018-04-27T14:08:00.766Z] Session [6001d110-4a24-11e8-914e-9b92def08e8a] - page.onError - stack:
  (anonymous function) (https://img3.doubanio.com/f/adjs/f886512b31842ce18a9450be3e80f90c23f25260/ad.release.js:1)

  phantomjs://platform/console++.js:263 in error
[ERROR - 2018-04-27T14:08:03.991Z] Session [6001d110-4a24-11e8-914e-9b92def08e8a] - page.onError - msg: [Error]: Error while trying to access the //erebor.douban.com/?unit=dale_movie_home_download_bottom&bid=8ik_Hs3OJJ4&crtr=3%3A%2F&ts=1524838083476&callback=erebor_7E9819765B8949DDA25658C3B20598A4&failback_count=2

  phantomjs://platform/console++.js:263 in error
[ERROR - 2018-04-27T14:08:03.991Z] Session [6001d110-4a24-11e8-914e-9b92def08e8a] - page.onError - stack:
  (anonymous function) (https://img3.doubanio.com/f/adjs/f886512b31842ce18a9450be3e80f90c23f25260/ad.release.js:1)

  phantomjs://platform/console++.js:263 in error
[ERROR - 2018-04-27T14:08:03.991Z] Session [6001d110-4a24-11e8-914e-9b92def08e8a] - page.onError - msg: [Error]: Error while trying to access the //erebor.douban.com/?unit=dale_movie_homepage_bottom&bid=8ik_Hs3OJJ4&crtr=3%3A%2F&ts=1524838083472&callback=erebor_1FE9B60FE080499AB5ED4F364512CF39&failback_count=2

  phantomjs://platform/console++.js:263 in error
[ERROR - 2018-04-27T14:08:03.991Z] Session [6001d110-4a24-11e8-914e-9b92def08e8a] - page.onError - stack:
  (anonymous function) (https://img3.doubanio.com/f/adjs/f886512b31842ce18a9450be3e80f90c23f25260/ad.release.js:1)

  phantomjs://platform/console++.js:263 in error
[ERROR - 2018-04-27T14:08:03.992Z] Session [6001d110-4a24-11e8-914e-9b92def08e8a] - page.onError - msg: [Error]: Error while trying to access the //erebor.douban.com/?unit=dale_movie_home_bottom_right_down&bid=8ik_Hs3OJJ4&crtr=3%3A%2F&ts=1524838083474&callback=erebor_8DBE7762EC804D8287F87A25F23FD13E&failback_count=2

  phantomjs://platform/console++.js:263 in error
[ERROR - 2018-04-27T14:08:03.992Z] Session [6001d110-4a24-11e8-914e-9b92def08e8a] - page.onError - stack:
  (anonymous function) (https://img3.doubanio.com/f/adjs/f886512b31842ce18a9450be3e80f90c23f25260/ad.release.js:1)

  phantomjs://platform/console++.js:263 in error
[ERROR - 2018-04-27T14:08:10.469Z] Session [6001d110-4a24-11e8-914e-9b92def08e8a] - page.onError - msg: [Error]: Error while trying to access the //erebor.douban.com/?unit=dale_movie_home_download_bottom&bid=8ik_Hs3OJJ4&crtr=3%3A%2F&ts=1524838089948&callback=erebor_232D86A1134341EF827EB6190BAF6374&failback_count=2

  phantomjs://platform/console++.js:263 in error
[ERROR - 2018-04-27T14:08:10.469Z] Session [6001d110-4a24-11e8-914e-9b92def08e8a] - page.onError - stack:
  (anonymous function) (https://img3.doubanio.com/f/adjs/f886512b31842ce18a9450be3e80f90c23f25260/ad.release.js:1)

  phantomjs://platform/console++.js:263 in error
[ERROR - 2018-04-27T14:08:10.469Z] Session [6001d110-4a24-11e8-914e-9b92def08e8a] - page.onError - msg: [Error]: Error while trying to access the //erebor.douban.com/?unit=dale_movie_homepage_bottom&bid=8ik_Hs3OJJ4&crtr=3%3A%2F&ts=1524838089942&callback=erebor_32999783CD3F4B438B6C6386022AC1CF&failback_count=2

  phantomjs://platform/console++.js:263 in error
[ERROR - 2018-04-27T14:08:10.469Z] Session [6001d110-4a24-11e8-914e-9b92def08e8a] - page.onError - stack:
  (anonymous function) (https://img3.doubanio.com/f/adjs/f886512b31842ce18a9450be3e80f90c23f25260/ad.release.js:1)

  phantomjs://platform/console++.js:263 in error
[ERROR - 2018-04-27T14:08:10.469Z] Session [6001d110-4a24-11e8-914e-9b92def08e8a] - page.onError - msg: [Error]: Error while trying to access the //erebor.douban.com/?unit=dale_movie_home_bottom_right_down&bid=8ik_Hs3OJJ4&crtr=3%3A%2F&ts=1524838089944&callback=erebor_344E699AF72D43D287C50C29528762F4&failback_count=2

  phantomjs://platform/console++.js:263 in error
[ERROR - 2018-04-27T14:08:10.469Z] Session [6001d110-4a24-11e8-914e-9b92def08e8a] - page.onError - stack:
  (anonymous function) (https://img3.doubanio.com/f/adjs/f886512b31842ce18a9450be3e80f90c23f25260/ad.release.js:1)

  phantomjs://platform/console++.js:263 in error
[ERROR - 2018-04-27T14:08:12.588Z] Session [6001d110-4a24-11e8-914e-9b92def08e8a] - page.onError - msg: [Error]: Error while trying to access the //erebor.douban.com/?unit=dale_movie_home_download_bottom&bid=8ik_Hs3OJJ4&crtr=3%3A%2F&ts=1524838092072&callback=erebor_FF735C2C5A40449F997ACBBD8F3BEEAE&failback_count=2

  phantomjs://platform/console++.js:263 in error
[ERROR - 2018-04-27T14:08:12.588Z] Session [6001d110-4a24-11e8-914e-9b92def08e8a] - page.onError - stack:
  (anonymous function) (https://img3.doubanio.com/f/adjs/f886512b31842ce18a9450be3e80f90c23f25260/ad.release.js:1)

  phantomjs://platform/console++.js:263 in error
[ERROR - 2018-04-27T14:08:12.589Z] Session [6001d110-4a24-11e8-914e-9b92def08e8a] - page.onError - msg: [Error]: Error while trying to access the //erebor.douban.com/?unit=dale_movie_home_bottom_right_down&bid=8ik_Hs3OJJ4&crtr=3%3A%2F&ts=1524838092070&callback=erebor_D6F6C776088F46AEA05FF4B03992D280&failback_count=2

  phantomjs://platform/console++.js:263 in error
[ERROR - 2018-04-27T14:08:12.589Z] Session [6001d110-4a24-11e8-914e-9b92def08e8a] - page.onError - stack:
  (anonymous function) (https://img3.doubanio.com/f/adjs/f886512b31842ce18a9450be3e80f90c23f25260/ad.release.js:1)

  phantomjs://platform/console++.js:263 in error
[ERROR - 2018-04-27T14:08:12.589Z] Session [6001d110-4a24-11e8-914e-9b92def08e8a] - page.onError - msg: [Error]: Error while trying to access the //erebor.douban.com/?unit=dale_movie_homepage_bottom&bid=8ik_Hs3OJJ4&crtr=3%3A%2F&ts=1524838092067&callback=erebor_A4EC7EACC53141BF8FB6ED7FADD889A6&failback_count=2

  phantomjs://platform/console++.js:263 in error
[ERROR - 2018-04-27T14:08:12.590Z] Session [6001d110-4a24-11e8-914e-9b92def08e8a] - page.onError - stack:
  (anonymous function) (https://img3.doubanio.com/f/adjs/f886512b31842ce18a9450be3e80f90c23f25260/ad.release.js:1)

  phantomjs://platform/console++.js:263 in error
[ERROR - 2018-04-27T14:08:16.568Z] Session [6001d110-4a24-11e8-914e-9b92def08e8a] - page.onError - msg: [Error]: Error while trying to access the //erebor.douban.com/?unit=dale_movie_home_bottom_right_down&bid=8ik_Hs3OJJ4&crtr=3%3A%2F&ts=1524838096050&callback=erebor_569D383DF4C146BEAC71B7ED6C10A2D7&failback_count=2

  phantomjs://platform/console++.js:263 in error
[ERROR - 2018-04-27T14:08:16.568Z] Session [6001d110-4a24-11e8-914e-9b92def08e8a] - page.onError - stack:
  (anonymous function) (https://img3.doubanio.com/f/adjs/f886512b31842ce18a9450be3e80f90c23f25260/ad.release.js:1)

  phantomjs://platform/console++.js:263 in error
[ERROR - 2018-04-27T14:08:16.568Z] Session [6001d110-4a24-11e8-914e-9b92def08e8a] - page.onError - msg: [Error]: Error while trying to access the //erebor.douban.com/?unit=dale_movie_home_download_bottom&bid=8ik_Hs3OJJ4&crtr=3%3A%2F&ts=1524838096052&callback=erebor_1E937FB1C6DA4E3BADF663C12FE9DAD5&failback_count=2

  phantomjs://platform/console++.js:263 in error
[ERROR - 2018-04-27T14:08:16.568Z] Session [6001d110-4a24-11e8-914e-9b92def08e8a] - page.onError - stack:
  (anonymous function) (https://img3.doubanio.com/f/adjs/f886512b31842ce18a9450be3e80f90c23f25260/ad.release.js:1)

  phantomjs://platform/console++.js:263 in error
[ERROR - 2018-04-27T14:08:18.565Z] Session [6001d110-4a24-11e8-914e-9b92def08e8a] - page.onError - msg: [Error]: Error while trying to access the //erebor.douban.com/?unit=dale_movie_home_main_top&bid=8ik_Hs3OJJ4&crtr=3%3A%2F&ts=1524838098028&callback=erebor_2678256B1D0445B7A2F2CEE99BB3F362&failback_count=1

  phantomjs://platform/console++.js:263 in error
[ERROR - 2018-04-27T14:08:18.565Z] Session [6001d110-4a24-11e8-914e-9b92def08e8a] - page.onError - stack:
  (anonymous function) (https://img3.doubanio.com/f/adjs/f886512b31842ce18a9450be3e80f90c23f25260/ad.release.js:1)

  phantomjs://platform/console++.js:263 in error
[ERROR - 2018-04-27T14:08:18.565Z] Session [6001d110-4a24-11e8-914e-9b92def08e8a] - page.onError - msg: [Error]: Error while trying to access the //erebor.douban.com/?unit=dale_movie_home_inner_bottom&bid=8ik_Hs3OJJ4&crtr=3%3A%2F&ts=1524838098035&callback=erebor_C53CB629C9EF4C16A1603E424B1F3796

  phantomjs://platform/console++.js:263 in error
[ERROR - 2018-04-27T14:08:18.566Z] Session [6001d110-4a24-11e8-914e-9b92def08e8a] - page.onError - stack:
  (anonymous function) (https://img3.doubanio.com/f/adjs/f886512b31842ce18a9450be3e80f90c23f25260/ad.release.js:1)

  phantomjs://platform/console++.js:263 in error
[ERROR - 2018-04-27T14:08:18.566Z] Session [6001d110-4a24-11e8-914e-9b92def08e8a] - page.onError - msg: [Error]: Error while trying to access the //erebor.douban.com/?unit=dale_movie_homepage_bottom&bid=8ik_Hs3OJJ4&crtr=3%3A%2F&ts=1524838098031&callback=erebor_838B3F462D24432D8F6474AEB1F24C06&failback_count=1

  phantomjs://platform/console++.js:263 in error
[ERROR - 2018-04-27T14:08:18.566Z] Session [6001d110-4a24-11e8-914e-9b92def08e8a] - page.onError - stack:
  (anonymous function) (https://img3.doubanio.com/f/adjs/f886512b31842ce18a9450be3e80f90c23f25260/ad.release.js:1)

  phantomjs://platform/console++.js:263 in error
[ERROR - 2018-04-27T14:08:18.567Z] Session [6001d110-4a24-11e8-914e-9b92def08e8a] - page.onError - msg: [Error]: Error while trying to access the //erebor.douban.com/?unit=dale_movie_homepage_top_large&bid=8ik_Hs3OJJ4&crtr=3%3A%2F&ts=1524838098017&callback=erebor_82FADB1297D04965BC22D201C1D9772F&failback_count=1

  phantomjs://platform/console++.js:263 in error
[ERROR - 2018-04-27T14:08:18.567Z] Session [6001d110-4a24-11e8-914e-9b92def08e8a] - page.onError - stack:
  (anonymous function) (https://img3.doubanio.com/f/adjs/f886512b31842ce18a9450be3e80f90c23f25260/ad.release.js:1)

  phantomjs://platform/console++.js:263 in error
[ERROR - 2018-04-27T14:08:18.567Z] Session [6001d110-4a24-11e8-914e-9b92def08e8a] - page.onError - msg: [Error]: Error while trying to access the //erebor.douban.com/?unit=dale_movie_home_top_right2&bid=8ik_Hs3OJJ4&crtr=3%3A%2F&ts=1524838098025&callback=erebor_0FD91DCC55594C5CA760A19FA7AE5CD5&failback_count=1

  phantomjs://platform/console++.js:263 in error
[ERROR - 2018-04-27T14:08:18.567Z] Session [6001d110-4a24-11e8-914e-9b92def08e8a] - page.onError - stack:
  (anonymous function) (https://img3.doubanio.com/f/adjs/f886512b31842ce18a9450be3e80f90c23f25260/ad.release.js:1)

  phantomjs://platform/console++.js:263 in error
[ERROR - 2018-04-27T14:08:18.568Z] Session [6001d110-4a24-11e8-914e-9b92def08e8a] - page.onError - msg: [Error]: Error while trying to access the //erebor.douban.com/?unit=dale_movie_home_side_top&bid=8ik_Hs3OJJ4&crtr=3%3A%2F&ts=1524838098026&callback=erebor_A45B1DD7CB8E44DC99C78D804E392391&failback_count=1

  phantomjs://platform/console++.js:263 in error
[ERROR - 2018-04-27T14:08:18.568Z] Session [6001d110-4a24-11e8-914e-9b92def08e8a] - page.onError - stack:
  (anonymous function) (https://img3.doubanio.com/f/adjs/f886512b31842ce18a9450be3e80f90c23f25260/ad.release.js:1)

  phantomjs://platform/console++.js:263 in error
[ERROR - 2018-04-27T14:08:18.568Z] Session [6001d110-4a24-11e8-914e-9b92def08e8a] - page.onError - msg: [Error]: Error while trying to access the //erebor.douban.com/?unit=dale_movie_home_bottom_right_down&bid=8ik_Hs3OJJ4&crtr=3%3A%2F&ts=1524838098033&callback=erebor_1FC8F926EA3942308CD67A49B291FC7D&failback_count=1

  phantomjs://platform/console++.js:263 in error
[ERROR - 2018-04-27T14:08:18.569Z] Session [6001d110-4a24-11e8-914e-9b92def08e8a] - page.onError - stack:
  (anonymous function) (https://img3.doubanio.com/f/adjs/f886512b31842ce18a9450be3e80f90c23f25260/ad.release.js:1)

  phantomjs://platform/console++.js:263 in error
[ERROR - 2018-04-27T14:08:18.569Z] Session [6001d110-4a24-11e8-914e-9b92def08e8a] - page.onError - msg: [Error]: Error while trying to access the //erebor.douban.com/?unit=dale_movie_home_download_bottom&bid=8ik_Hs3OJJ4&crtr=3%3A%2F&ts=1524838098037&callback=erebor_163E1C2020DC45F282D8132709A00737

  phantomjs://platform/console++.js:263 in error
[ERROR - 2018-04-27T14:08:18.569Z] Session [6001d110-4a24-11e8-914e-9b92def08e8a] - page.onError - stack:
  (anonymous function) (https://img3.doubanio.com/f/adjs/f886512b31842ce18a9450be3e80f90c23f25260/ad.release.js:1)

  phantomjs://platform/console++.js:263 in error
[ERROR - 2018-04-27T14:08:18.570Z] Session [6001d110-4a24-11e8-914e-9b92def08e8a] - page.onError - msg: [Error]: Error while trying to access the //erebor.douban.com/?unit=dale_movie_home_top_right_ford&bid=8ik_Hs3OJJ4&crtr=3%3A%2F&ts=1524838098024&callback=erebor_D7C08EEE876F4BC8A21D09BD234FE617&failback_count=1

  phantomjs://platform/console++.js:263 in error
[ERROR - 2018-04-27T14:08:18.570Z] Session [6001d110-4a24-11e8-914e-9b92def08e8a] - page.onError - stack:
  (anonymous function) (https://img3.doubanio.com/f/adjs/f886512b31842ce18a9450be3e80f90c23f25260/ad.release.js:1)

  phantomjs://platform/console++.js:263 in error
[ERROR - 2018-04-27T14:08:24.168Z] Session [6001d110-4a24-11e8-914e-9b92def08e8a] - page.onError - msg: [Error]: Error while trying to access the //erebor.douban.com/?unit=dale_movie_home_bottom_right_down&bid=8ik_Hs3OJJ4&crtr=3%3A%2F&ts=1524838103656&callback=erebor_134A7A2632484A6DB16D122C5E316CC4&failback_count=2

  phantomjs://platform/console++.js:263 in error
[ERROR - 2018-04-27T14:08:24.168Z] Session [6001d110-4a24-11e8-914e-9b92def08e8a] - page.onError - stack:
  (anonymous function) (https://img3.doubanio.com/f/adjs/f886512b31842ce18a9450be3e80f90c23f25260/ad.release.js:1)

  phantomjs://platform/console++.js:263 in error
[ERROR - 2018-04-27T14:08:24.168Z] Session [6001d110-4a24-11e8-914e-9b92def08e8a] - page.onError - msg: [Error]: Error while trying to access the //erebor.douban.com/?unit=dale_movie_home_download_bottom&bid=8ik_Hs3OJJ4&crtr=3%3A%2F&ts=1524838103659&callback=erebor_88A378F746B94F59872D0A2476AD0B92&failback_count=2

  phantomjs://platform/console++.js:263 in error
[ERROR - 2018-04-27T14:08:24.168Z] Session [6001d110-4a24-11e8-914e-9b92def08e8a] - page.onError - stack:
  (anonymous function) (https://img3.doubanio.com/f/adjs/f886512b31842ce18a9450be3e80f90c23f25260/ad.release.js:1)

  phantomjs://platform/console++.js:263 in error
[ERROR - 2018-04-27T14:08:27.710Z] Session [6001d110-4a24-11e8-914e-9b92def08e8a] - page.onError - msg: [Error]: Error while trying to access the //erebor.douban.com/?unit=dale_movie_homepage_bottom&bid=8ik_Hs3OJJ4&crtr=3%3A%2F&ts=1524838107171&callback=erebor_7F257828F718471C8C8341DC7FFA3FDC&failback_count=2

  phantomjs://platform/console++.js:263 in error
[ERROR - 2018-04-27T14:08:27.711Z] Session [6001d110-4a24-11e8-914e-9b92def08e8a] - page.onError - stack:
  (anonymous function) (https://img3.doubanio.com/f/adjs/f886512b31842ce18a9450be3e80f90c23f25260/ad.release.js:1)

  phantomjs://platform/console++.js:263 in error
[ERROR - 2018-04-27T14:08:30.737Z] Session [6001d110-4a24-11e8-914e-9b92def08e8a] - page.onError - msg: [Error]: Error while trying to access the //erebor.douban.com/?unit=dale_movie_home_download_bottom&bid=8ik_Hs3OJJ4&crtr=3%3A%2F&ts=1524838110204&callback=erebor_51A1630D23E54FD28EB1172214AB66B6&failback_count=2

  phantomjs://platform/console++.js:263 in error
[ERROR - 2018-04-27T14:08:30.738Z] Session [6001d110-4a24-11e8-914e-9b92def08e8a] - page.onError - stack:
  (anonymous function) (https://img3.doubanio.com/f/adjs/f886512b31842ce18a9450be3e80f90c23f25260/ad.release.js:1)

  phantomjs://platform/console++.js:263 in error
